2020-04-25 14:23:10.061 [restartedMain] INFO  c.h.website.backstage.HighSensorApplication - Starting HighSensorApplication on xiaoyong with PID 15164 (D:\work\myWorkSpace\git\highsensor\highsensor-website\highsensor-backstage\target\classes started by changyong in D:\work\myWorkSpace\git\highsensor\highsensor-website)
2020-04-25 14:23:10.168 [restartedMain] INFO  c.h.website.backstage.HighSensorApplication - The following profiles are active: dev
2020-04-25 14:23:10.585 [restartedMain] INFO  o.s.b.d.env.DevToolsPropertyDefaultsPostProcessor - Devtools property defaults active! Set 'spring.devtools.add-properties' to 'false' to disable
2020-04-25 14:23:10.585 [restartedMain] INFO  o.s.b.d.env.DevToolsPropertyDefaultsPostProcessor - For additional web related logging consider setting the 'logging.level.web' property to 'DEBUG'
2020-04-25 14:23:17.926 [restartedMain] INFO  io.undertow.servlet - Initializing Spring embedded WebApplicationContext
2020-04-25 14:23:17.926 [restartedMain] INFO  org.springframework.web.context.ContextLoader - Root WebApplicationContext: initialization completed in 7340 ms
2020-04-25 14:23:19.930 [restartedMain] INFO  com.zaxxer.hikari.HikariDataSource - HikariPool-1 - Starting...
2020-04-25 14:23:21.830 [restartedMain] INFO  o.s.b.a.l.ConditionEvaluationReportLoggingListener - 

Error starting ApplicationContext. To display the conditions report re-run your application with 'debug' enabled.
2020-04-25 14:28:58.563 [restartedMain] INFO  c.h.website.backstage.HighSensorApplication - Starting HighSensorApplication on xiaoyong with PID 11668 (D:\work\myWorkSpace\git\highsensor\highsensor-website\highsensor-backstage\target\classes started by changyong in D:\work\myWorkSpace\git\highsensor\highsensor-website)
2020-04-25 14:28:58.568 [restartedMain] INFO  c.h.website.backstage.HighSensorApplication - The following profiles are active: dev
2020-04-25 14:28:58.662 [restartedMain] INFO  o.s.b.d.env.DevToolsPropertyDefaultsPostProcessor - Devtools property defaults active! Set 'spring.devtools.add-properties' to 'false' to disable
2020-04-25 14:28:58.663 [restartedMain] INFO  o.s.b.d.env.DevToolsPropertyDefaultsPostProcessor - For additional web related logging consider setting the 'logging.level.web' property to 'DEBUG'
2020-04-25 14:28:59.853 [restartedMain] INFO  io.undertow.servlet - Initializing Spring embedded WebApplicationContext
2020-04-25 14:28:59.853 [restartedMain] INFO  org.springframework.web.context.ContextLoader - Root WebApplicationContext: initialization completed in 1190 ms
2020-04-25 14:29:00.041 [restartedMain] INFO  com.zaxxer.hikari.HikariDataSource - HikariPool-1 - Starting...
2020-04-25 14:29:00.198 [restartedMain] INFO  com.zaxxer.hikari.HikariDataSource - HikariPool-1 - Start completed.
2020-04-25 14:29:00.880 [restartedMain] INFO  s.d.s.w.PropertySourcedRequestMappingHandlerMapping - Mapped URL path [/v2/api-docs] onto method [springfox.documentation.swagger2.web.Swagger2Controller#getDocumentation(String, HttpServletRequest)]
2020-04-25 14:29:01.021 [restartedMain] INFO  o.s.scheduling.concurrent.ThreadPoolTaskExecutor - Initializing ExecutorService 'applicationTaskExecutor'
2020-04-25 14:29:01.150 [restartedMain] INFO  o.s.b.d.autoconfigure.OptionalLiveReloadServer - LiveReload server is running on port 35729
2020-04-25 14:29:01.460 [restartedMain] INFO  s.d.s.web.plugins.DocumentationPluginsBootstrapper - Context refreshed
2020-04-25 14:29:01.510 [restartedMain] INFO  s.d.s.web.plugins.DocumentationPluginsBootstrapper - Found 1 custom documentation plugin(s)
2020-04-25 14:29:01.547 [restartedMain] INFO  s.d.spring.web.scanners.ApiListingReferenceScanner - Scanning for api listing references
2020-04-25 14:29:01.867 [restartedMain] INFO  io.undertow - starting server: Undertow - 2.0.30.Final
2020-04-25 14:29:01.882 [restartedMain] INFO  org.xnio - XNIO version 3.3.8.Final
2020-04-25 14:29:01.905 [restartedMain] INFO  org.xnio.nio - XNIO NIO Implementation Version 3.3.8.Final
2020-04-25 14:29:02.121 [restartedMain] INFO  o.s.b.w.embedded.undertow.UndertowServletWebServer - Undertow started on port(s) 7001 (http) with context path ''
2020-04-25 14:29:02.125 [restartedMain] INFO  c.h.website.backstage.HighSensorApplication - Started HighSensorApplication in 4.131 seconds (JVM running for 5.431)
2020-04-25 14:29:15.322 [XNIO-1 task-1] INFO  io.undertow.servlet - Initializing Spring DispatcherServlet 'dispatcherServlet'
2020-04-25 14:29:15.322 [XNIO-1 task-1] INFO  org.springframework.web.servlet.DispatcherServlet - Initializing Servlet 'dispatcherServlet'
2020-04-25 14:29:15.328 [XNIO-1 task-1] INFO  org.springframework.web.servlet.DispatcherServlet - Completed initialization in 6 ms
2020-04-25 14:29:32.619 [XNIO-1 task-28] INFO  c.h.website.backstage.service.impl.AuthManager - token=eyJhbGciOiJSUzI1NiJ9.eyJzdWIiOiIxIiwibmFtZSI6ImFkbWluIiwiZXhwIjoxNTg3ODAzMzcyfQ.Y4dwXVcnXqCj90owlgYSLD74HbLjjuANEJXN5Vm6g9CDDAk_y1u4uVnCoyZrwFWAbTVArPwGO3S0m4iRbnMoM86kph7HoP706BRcSxBddbs1FtOpuGXy3C2f-41Bl4nVQca3_OmcxlH_w5FwonGIm4l8YRERQUatv_i0ZYK8j6M
2020-04-25 14:34:46.886 [restartedMain] INFO  c.h.website.backstage.HighSensorApplication - Starting HighSensorApplication on xiaoyong with PID 11332 (D:\work\myWorkSpace\git\highsensor\highsensor-website\highsensor-backstage\target\classes started by changyong in D:\work\myWorkSpace\git\highsensor\highsensor-website)
2020-04-25 14:34:46.891 [restartedMain] INFO  c.h.website.backstage.HighSensorApplication - The following profiles are active: dev
2020-04-25 14:34:46.985 [restartedMain] INFO  o.s.b.d.env.DevToolsPropertyDefaultsPostProcessor - Devtools property defaults active! Set 'spring.devtools.add-properties' to 'false' to disable
2020-04-25 14:34:46.985 [restartedMain] INFO  o.s.b.d.env.DevToolsPropertyDefaultsPostProcessor - For additional web related logging consider setting the 'logging.level.web' property to 'DEBUG'
2020-04-25 14:34:48.153 [restartedMain] INFO  io.undertow.servlet - Initializing Spring embedded WebApplicationContext
2020-04-25 14:34:48.154 [restartedMain] INFO  org.springframework.web.context.ContextLoader - Root WebApplicationContext: initialization completed in 1169 ms
2020-04-25 14:34:48.339 [restartedMain] INFO  com.zaxxer.hikari.HikariDataSource - HikariPool-1 - Starting...
2020-04-25 14:34:48.443 [restartedMain] INFO  com.zaxxer.hikari.HikariDataSource - HikariPool-1 - Start completed.
2020-04-25 14:34:48.864 [restartedMain] INFO  s.d.s.w.PropertySourcedRequestMappingHandlerMapping - Mapped URL path [/v2/api-docs] onto method [springfox.documentation.swagger2.web.Swagger2Controller#getDocumentation(String, HttpServletRequest)]
2020-04-25 14:34:48.953 [restartedMain] INFO  o.s.scheduling.concurrent.ThreadPoolTaskExecutor - Initializing ExecutorService 'applicationTaskExecutor'
2020-04-25 14:34:48.990 [restartedMain] INFO  o.s.b.d.autoconfigure.OptionalLiveReloadServer - LiveReload server is running on port 35729
2020-04-25 14:34:49.118 [restartedMain] INFO  s.d.s.web.plugins.DocumentationPluginsBootstrapper - Context refreshed
2020-04-25 14:34:49.130 [restartedMain] INFO  s.d.s.web.plugins.DocumentationPluginsBootstrapper - Found 1 custom documentation plugin(s)
2020-04-25 14:34:49.155 [restartedMain] INFO  s.d.spring.web.scanners.ApiListingReferenceScanner - Scanning for api listing references
2020-04-25 14:34:49.323 [restartedMain] INFO  io.undertow - starting server: Undertow - 2.0.30.Final
2020-04-25 14:34:49.330 [restartedMain] INFO  org.xnio - XNIO version 3.3.8.Final
2020-04-25 14:34:49.338 [restartedMain] INFO  org.xnio.nio - XNIO NIO Implementation Version 3.3.8.Final
2020-04-25 14:34:49.389 [restartedMain] INFO  o.s.b.w.embedded.undertow.UndertowServletWebServer - Undertow started on port(s) 7001 (http) with context path ''
2020-04-25 14:34:49.392 [restartedMain] INFO  c.h.website.backstage.HighSensorApplication - Started HighSensorApplication in 3.067 seconds (JVM running for 4.29)
2020-04-25 14:35:05.905 [XNIO-1 task-1] INFO  io.undertow.servlet - Initializing Spring DispatcherServlet 'dispatcherServlet'
2020-04-25 14:35:05.906 [XNIO-1 task-1] INFO  org.springframework.web.servlet.DispatcherServlet - Initializing Servlet 'dispatcherServlet'
2020-04-25 14:35:05.913 [XNIO-1 task-1] INFO  org.springframework.web.servlet.DispatcherServlet - Completed initialization in 7 ms
2020-04-25 14:37:07.622 [restartedMain] INFO  c.h.website.backstage.HighSensorApplication - Starting HighSensorApplication on xiaoyong with PID 5888 (D:\work\myWorkSpace\git\highsensor\highsensor-website\highsensor-backstage\target\classes started by changyong in D:\work\myWorkSpace\git\highsensor\highsensor-website)
2020-04-25 14:37:07.626 [restartedMain] INFO  c.h.website.backstage.HighSensorApplication - The following profiles are active: dev
2020-04-25 14:37:07.722 [restartedMain] INFO  o.s.b.d.env.DevToolsPropertyDefaultsPostProcessor - Devtools property defaults active! Set 'spring.devtools.add-properties' to 'false' to disable
2020-04-25 14:37:07.723 [restartedMain] INFO  o.s.b.d.env.DevToolsPropertyDefaultsPostProcessor - For additional web related logging consider setting the 'logging.level.web' property to 'DEBUG'
2020-04-25 14:37:08.868 [restartedMain] INFO  io.undertow.servlet - Initializing Spring embedded WebApplicationContext
2020-04-25 14:37:08.869 [restartedMain] INFO  org.springframework.web.context.ContextLoader - Root WebApplicationContext: initialization completed in 1145 ms
2020-04-25 14:37:09.055 [restartedMain] INFO  com.zaxxer.hikari.HikariDataSource - HikariPool-1 - Starting...
2020-04-25 14:37:09.156 [restartedMain] INFO  com.zaxxer.hikari.HikariDataSource - HikariPool-1 - Start completed.
2020-04-25 14:37:09.574 [restartedMain] INFO  s.d.s.w.PropertySourcedRequestMappingHandlerMapping - Mapped URL path [/v2/api-docs] onto method [springfox.documentation.swagger2.web.Swagger2Controller#getDocumentation(String, HttpServletRequest)]
2020-04-25 14:37:09.655 [restartedMain] INFO  o.s.scheduling.concurrent.ThreadPoolTaskExecutor - Initializing ExecutorService 'applicationTaskExecutor'
2020-04-25 14:37:09.692 [restartedMain] INFO  o.s.b.d.autoconfigure.OptionalLiveReloadServer - LiveReload server is running on port 35729
2020-04-25 14:37:09.813 [restartedMain] INFO  s.d.s.web.plugins.DocumentationPluginsBootstrapper - Context refreshed
2020-04-25 14:37:09.826 [restartedMain] INFO  s.d.s.web.plugins.DocumentationPluginsBootstrapper - Found 1 custom documentation plugin(s)
2020-04-25 14:37:09.850 [restartedMain] INFO  s.d.spring.web.scanners.ApiListingReferenceScanner - Scanning for api listing references
2020-04-25 14:37:10.035 [restartedMain] INFO  io.undertow - starting server: Undertow - 2.0.30.Final
2020-04-25 14:37:10.041 [restartedMain] INFO  org.xnio - XNIO version 3.3.8.Final
2020-04-25 14:37:10.051 [restartedMain] INFO  org.xnio.nio - XNIO NIO Implementation Version 3.3.8.Final
2020-04-25 14:37:10.114 [restartedMain] INFO  o.s.b.w.embedded.undertow.UndertowServletWebServer - Undertow started on port(s) 7001 (http) with context path ''
2020-04-25 14:37:10.119 [restartedMain] INFO  c.h.website.backstage.HighSensorApplication - Started HighSensorApplication in 3.069 seconds (JVM running for 4.285)
2020-04-25 14:37:16.994 [XNIO-1 task-1] INFO  io.undertow.servlet - Initializing Spring DispatcherServlet 'dispatcherServlet'
2020-04-25 14:37:16.994 [XNIO-1 task-1] INFO  org.springframework.web.servlet.DispatcherServlet - Initializing Servlet 'dispatcherServlet'
2020-04-25 14:37:17.001 [XNIO-1 task-1] INFO  org.springframework.web.servlet.DispatcherServlet - Completed initialization in 7 ms
2020-04-25 14:40:10.243 [restartedMain] INFO  c.h.website.backstage.HighSensorApplication - Starting HighSensorApplication on xiaoyong with PID 8348 (D:\work\myWorkSpace\git\highsensor\highsensor-website\highsensor-backstage\target\classes started by changyong in D:\work\myWorkSpace\git\highsensor\highsensor-website)
2020-04-25 14:40:10.247 [restartedMain] INFO  c.h.website.backstage.HighSensorApplication - The following profiles are active: dev
2020-04-25 14:40:10.329 [restartedMain] INFO  o.s.b.d.env.DevToolsPropertyDefaultsPostProcessor - Devtools property defaults active! Set 'spring.devtools.add-properties' to 'false' to disable
2020-04-25 14:40:10.330 [restartedMain] INFO  o.s.b.d.env.DevToolsPropertyDefaultsPostProcessor - For additional web related logging consider setting the 'logging.level.web' property to 'DEBUG'
2020-04-25 14:40:11.462 [restartedMain] INFO  io.undertow.servlet - Initializing Spring embedded WebApplicationContext
2020-04-25 14:40:11.463 [restartedMain] INFO  org.springframework.web.context.ContextLoader - Root WebApplicationContext: initialization completed in 1133 ms
2020-04-25 14:40:11.648 [restartedMain] INFO  com.zaxxer.hikari.HikariDataSource - HikariPool-1 - Starting...
2020-04-25 14:40:11.752 [restartedMain] INFO  com.zaxxer.hikari.HikariDataSource - HikariPool-1 - Start completed.
2020-04-25 14:40:12.166 [restartedMain] INFO  s.d.s.w.PropertySourcedRequestMappingHandlerMapping - Mapped URL path [/v2/api-docs] onto method [springfox.documentation.swagger2.web.Swagger2Controller#getDocumentation(String, HttpServletRequest)]
2020-04-25 14:40:12.251 [restartedMain] INFO  o.s.scheduling.concurrent.ThreadPoolTaskExecutor - Initializing ExecutorService 'applicationTaskExecutor'
2020-04-25 14:40:12.282 [restartedMain] INFO  o.s.b.d.autoconfigure.OptionalLiveReloadServer - LiveReload server is running on port 35729
2020-04-25 14:40:12.403 [restartedMain] INFO  s.d.s.web.plugins.DocumentationPluginsBootstrapper - Context refreshed
2020-04-25 14:40:12.415 [restartedMain] INFO  s.d.s.web.plugins.DocumentationPluginsBootstrapper - Found 1 custom documentation plugin(s)
2020-04-25 14:40:12.442 [restartedMain] INFO  s.d.spring.web.scanners.ApiListingReferenceScanner - Scanning for api listing references
2020-04-25 14:40:12.612 [restartedMain] INFO  io.undertow - starting server: Undertow - 2.0.30.Final
2020-04-25 14:40:12.618 [restartedMain] INFO  org.xnio - XNIO version 3.3.8.Final
2020-04-25 14:40:12.626 [restartedMain] INFO  org.xnio.nio - XNIO NIO Implementation Version 3.3.8.Final
2020-04-25 14:40:12.678 [restartedMain] INFO  o.s.b.w.embedded.undertow.UndertowServletWebServer - Undertow started on port(s) 7001 (http) with context path ''
2020-04-25 14:40:12.681 [restartedMain] INFO  c.h.website.backstage.HighSensorApplication - Started HighSensorApplication in 2.977 seconds (JVM running for 4.193)
2020-04-25 14:40:18.775 [XNIO-1 task-1] INFO  io.undertow.servlet - Initializing Spring DispatcherServlet 'dispatcherServlet'
2020-04-25 14:40:18.776 [XNIO-1 task-1] INFO  org.springframework.web.servlet.DispatcherServlet - Initializing Servlet 'dispatcherServlet'
2020-04-25 14:40:18.781 [XNIO-1 task-1] INFO  org.springframework.web.servlet.DispatcherServlet - Completed initialization in 5 ms
